<?xml version="1.0" encoding="UTF-8"?>
<!-- Generated by org.testng.reporters.JUnitReportReporter -->
<testsuite hostname="HP" name="com.actitime.testcases.At_Delete_Report" tests="1" failures="0" timestamp="18 Feb 2014 17:21:41 GMT" time="143.532" errors="0">
  <testcase name="testAt_Delete_Report" time="143.532" classname="com.actitime.testcases.At_Delete_Report"/>
</testsuite> <!-- com.actitime.testcases.At_Delete_Report -->
