<?xml version="1.0" encoding="UTF-8"?>
<!-- Generated by org.testng.reporters.JUnitReportReporter -->
<testsuite hostname="HP" name="com.actitime.testcases.At_TaskCompletion_From_TimeTracker" tests="1" failures="0" timestamp="26 Jan 2014 19:45:41 GMT" time="39.492" errors="0">
  <testcase name="testAt_TaskCompletion_From_TimeTracker" time="39.492" classname="com.actitime.testcases.At_TaskCompletion_From_TimeTracker"/>
</testsuite> <!-- com.actitime.testcases.At_TaskCompletion_From_TimeTracker -->
