<?xml version="1.0" encoding="UTF-8"?>
<!-- Generated by org.testng.reporters.JUnitReportReporter -->
<testsuite hostname="HP" name="com.actitime.testcases.At_Complte_Task" tests="1" failures="0" timestamp="20 Jan 2014 14:20:04 GMT" time="57.036" errors="0">
  <testcase name="testAt_Complte_Task" time="57.036" classname="com.actitime.testcases.At_Complte_Task"/>
</testsuite> <!-- com.actitime.testcases.At_Complte_Task -->
