<?xml version="1.0" encoding="UTF-8"?>
<!-- Generated by org.testng.reporters.JUnitReportReporter -->
<testsuite hostname="HP" name="com.actitime.libraries.Demo" tests="1" failures="0" timestamp="19 Jan 2014 17:44:37 GMT" time="49.957" errors="0">
  <testcase name="test123" time="49.957" classname="com.actitime.libraries.Demo"/>
</testsuite> <!-- com.actitime.libraries.Demo -->
