<?xml version="1.0" encoding="UTF-8"?>
<!-- Generated by org.testng.reporters.JUnitReportReporter -->
<testsuite hostname="HP" name="com.actitime.testcases.At_FAQS" tests="1" failures="0" timestamp="5 Feb 2014 09:33:02 GMT" time="23.053" errors="0">
  <testcase name="testAt_FAQS" time="23.053" classname="com.actitime.testcases.At_FAQS"/>
</testsuite> <!-- com.actitime.testcases.At_FAQS -->
