<?xml version="1.0" encoding="UTF-8"?>
<!-- Generated by org.testng.reporters.JUnitReportReporter -->
<testsuite hostname="HP" name="com.actitime.testcases.At_Request_New_Feature" tests="1" failures="0" timestamp="5 Feb 2014 10:26:27 GMT" time="22.790" errors="0">
  <testcase name="testAt_Request_New_Feature" time="22.790" classname="com.actitime.testcases.At_Request_New_Feature"/>
</testsuite> <!-- com.actitime.testcases.At_Request_New_Feature -->
