<?xml version="1.0" encoding="UTF-8"?>
<!-- Generated by org.testng.reporters.JUnitReportReporter -->
<testsuite hostname="HP" name="com.actitime.testcases.At_Create_Multiple_Tasks" tests="1" failures="0" timestamp="23 Jan 2014 12:27:55 GMT" time="69.446" errors="0">
  <testcase name="testAt_Create_Multiple_Tasks" time="69.446" classname="com.actitime.testcases.At_Create_Multiple_Tasks"/>
</testsuite> <!-- com.actitime.testcases.At_Create_Multiple_Tasks -->
