<?xml version="1.0" encoding="UTF-8"?>
<!-- Generated by org.testng.reporters.JUnitReportReporter -->
<testsuite hostname="HP" name="com.actitime.testcases.At_Create_User" tests="1" failures="0" timestamp="18 Feb 2014 17:52:18 GMT" time="553.170" errors="0">
  <testcase name="testAt_Create_User" time="553.170" classname="com.actitime.testcases.At_Create_User"/>
</testsuite> <!-- com.actitime.testcases.At_Create_User -->
