<?xml version="1.0" encoding="UTF-8"?>
<!-- Generated by org.testng.reporters.JUnitReportReporter -->
<testsuite hostname="HP" name="com.actitime.testcases.At_WorkSchedule_Layout" tests="1" failures="0" timestamp="19 Jan 2014 11:46:39 GMT" time="65.969" errors="0">
  <testcase name="testAt_WorkSchedule_Layout" time="65.969" classname="com.actitime.testcases.At_WorkSchedule_Layout"/>
</testsuite> <!-- com.actitime.testcases.At_WorkSchedule_Layout -->
