<?xml version="1.0" encoding="UTF-8"?>
<!-- Generated by org.testng.reporters.JUnitReportReporter -->
<testsuite hostname="HP" name="com.actitime.testcases.At_Inserting_Existing_Task_To_TimeSheet" tests="1" failures="0" timestamp="29 Jan 2014 12:01:12 GMT" time="127.168" errors="0">
  <testcase name="testAt_Inserting_Existing_Task_To_TimeSheet" time="127.168" classname="com.actitime.testcases.At_Inserting_Existing_Task_To_TimeSheet"/>
</testsuite> <!-- com.actitime.testcases.At_Inserting_Existing_Task_To_TimeSheet -->
