<?xml version="1.0" encoding="UTF-8"?>
<!-- Generated by org.testng.reporters.JUnitReportReporter -->
<testsuite hostname="HP" name="com.actitime.testcases.At_Send_Question" tests="1" failures="0" timestamp="5 Feb 2014 10:28:04 GMT" time="23.171" errors="0">
  <testcase name="testAt_Send_Question" time="23.171" classname="com.actitime.testcases.At_Send_Question"/>
</testsuite> <!-- com.actitime.testcases.At_Send_Question -->
