<?xml version="1.0" encoding="UTF-8"?>
<!-- Generated by org.testng.reporters.JUnitReportReporter -->
<testsuite hostname="HP" name="com.actitime.testcases.At_DeleteCompleted_Task" tests="1" failures="0" timestamp="21 Jan 2014 18:38:44 GMT" time="143.971" errors="0">
  <testcase name="testAt_DeleteCompleted_Task" time="143.971" classname="com.actitime.testcases.At_DeleteCompleted_Task"/>
</testsuite> <!-- com.actitime.testcases.At_DeleteCompleted_Task -->
