<?xml version="1.0" encoding="UTF-8"?>
<!-- Generated by org.testng.reporters.JUnitReportReporter -->
<testsuite hostname="HP" name="com.actitime.testcases.At_Listing_EnabledUser" tests="1" failures="0" timestamp="18 Jan 2014 19:48:47 GMT" time="28.433" errors="0">
  <testcase name="testAt_Listing_EnabledUser" time="28.433" classname="com.actitime.testcases.At_Listing_EnabledUser"/>
</testsuite> <!-- com.actitime.testcases.At_Listing_EnabledUser -->
