<?xml version="1.0" encoding="UTF-8"?>
<!-- Generated by org.testng.reporters.JUnitReportReporter -->
<testsuite hostname="HP" name="com.actitime.testcases.At_New_Task_TimeSheet" tests="1" failures="0" timestamp="21 Jan 2014 17:26:56 GMT" time="58.875" errors="0">
  <testcase name="testAt_New_Task_TimeSheet" time="58.875" classname="com.actitime.testcases.At_New_Task_TimeSheet"/>
</testsuite> <!-- com.actitime.testcases.At_New_Task_TimeSheet -->
