<?xml version="1.0" encoding="UTF-8"?>
<!-- Generated by org.testng.reporters.JUnitReportReporter -->
<testsuite hostname="HP" name="com.actitime.testcases.At_New_Customer_Project_Task" tests="1" failures="0" timestamp="26 Jan 2014 11:02:31 GMT" time="32.488" errors="0">
  <testcase name="testAt_New_Customer_Project_Task" time="32.488" classname="com.actitime.testcases.At_New_Customer_Project_Task"/>
</testsuite> <!-- com.actitime.testcases.At_New_Customer_Project_Task -->
