<?xml version="1.0" encoding="UTF-8"?>
<!-- Generated by org.testng.reporters.JUnitReportReporter -->
<testsuite hostname="HP" name="com.actitime.testcases.At_Create_Billingtype" tests="1" failures="0" timestamp="18 Feb 2014 17:52:18 GMT" time="24.232" errors="0">
  <testcase name="testAt_Create_Billingtype" time="24.232" classname="com.actitime.testcases.At_Create_Billingtype"/>
</testsuite> <!-- com.actitime.testcases.At_Create_Billingtype -->
