<?xml version="1.0" encoding="UTF-8"?>
<!-- Generated by org.testng.reporters.JUnitReportReporter -->
<testsuite hostname="HP" name="com.actitime.testcases.At_Task_WorkTotal" tests="1" failures="0" timestamp="20 Feb 2014 19:54:02 GMT" time="30.286" errors="0">
  <testcase name="testAt_Task_WorkTotal" time="30.286" classname="com.actitime.testcases.At_Task_WorkTotal"/>
</testsuite> <!-- com.actitime.testcases.At_Task_WorkTotal -->
