<?xml version="1.0" encoding="UTF-8"?>
<!-- Generated by org.testng.reporters.JUnitReportReporter -->
<testsuite hostname="HP" name="com.actitime.testcases.At_Create_Customer" tests="1" failures="0" timestamp="18 Feb 2014 17:52:18 GMT" time="429.308" errors="0">
  <testcase name="testAt_Create_Customer" time="429.308" classname="com.actitime.testcases.At_Create_Customer"/>
</testsuite> <!-- com.actitime.testcases.At_Create_Customer -->
